{"created": 1765035012.2447767, "duration": 27.454933643341064, "exitcode": 1, "root": "D:\\WebDev\\kambaz-node-server-app\\tests", "environment": {}, "summary": {"passed": 75, "failed": 24, "total": 99, "collected": 99}, "collectors": [{"nodeid": "", "outcome": "passed", "result": [{"nodeid": "__init__.py", "type": "Package"}, {"nodeid": "e2e/__init__.py", "type": "Package"}, {"nodeid": "helpers/__init__.py", "type": "Package"}, {"nodeid": "integration/__init__.py", "type": "Package"}, {"nodeid": "unit/__init__.py", "type": "Package"}]}, {"nodeid": "test_config.py::TestConfig", "outcome": "passed", "result": []}, {"nodeid": "test_config.py", "outcome": "passed", "result": [{"nodeid": "test_config.py::TestConfig", "type": "Class"}]}, {"nodeid": "__init__.py", "outcome": "passed", "result": [{"nodeid": "test_config.py", "type": "Module"}]}, {"nodeid": "e2e/test_faculty_workflow.py::TestFacultyWorkflow", "outcome": "passed", "result": [{"nodeid": "e2e/test_faculty_workflow.py::TestFacultyWorkflow::test_complete_faculty_journey", "type": "Function", "lineno": 13}, {"nodeid": "e2e/test_faculty_workflow.py::TestFacultyWorkflow::test_faculty_manage_student_enrollments", "type": "Function", "lineno": 183}, {"nodeid": "e2e/test_faculty_workflow.py::TestFacultyWorkflow::test_faculty_view_quiz_attempts", "type": "Function", "lineno": 239}, {"nodeid": "e2e/test_faculty_workflow.py::TestFacultyWorkflow::test_faculty_delete_course_cascade", "type": "Function", "lineno": 295}]}, {"nodeid": "e2e/test_faculty_workflow.py", "outcome": "passed", "result": [{"nodeid": "e2e/test_faculty_workflow.py::TestFacultyWorkflow", "type": "Class"}]}, {"nodeid": "e2e/test_student_workflow.py::TestStudentWorkflow", "outcome": "passed", "result": [{"nodeid": "e2e/test_student_workflow.py::TestStudentWorkflow::test_complete_student_journey", "type": "Function", "lineno": 14}, {"nodeid": "e2e/test_student_workflow.py::TestStudentWorkflow::test_student_multiple_quiz_attempts", "type": "Function", "lineno": 141}, {"nodeid": "e2e/test_student_workflow.py::TestStudentWorkflow::test_student_cannot_see_correct_answers", "type": "Function", "lineno": 204}]}, {"nodeid": "e2e/test_student_workflow.py", "outcome": "passed", "result": [{"nodeid": "e2e/test_student_workflow.py::TestStudentWorkflow", "type": "Class"}]}, {"nodeid": "e2e/__init__.py", "outcome": "passed", "result": [{"nodeid": "e2e/test_faculty_workflow.py", "type": "Module"}, {"nodeid": "e2e/test_student_workflow.py", "type": "Module"}]}, {"nodeid": "helpers/__init__.py", "outcome": "passed", "result": []}, {"nodeid": "integration/test_assignments.py::TestAssignments", "outcome": "passed", "result": [{"nodeid": "integration/test_assignments.py::TestAssignments::test_create_assignment", "type": "Function", "lineno": 14}, {"nodeid": "integration/test_assignments.py::TestAssignments::test_get_assignments_for_course", "type": "Function", "lineno": 28}, {"nodeid": "integration/test_assignments.py::TestAssignments::test_update_assignment", "type": "Function", "lineno": 48}, {"nodeid": "integration/test_assignments.py::TestAssignments::test_delete_assignment", "type": "Function", "lineno": 72}, {"nodeid": "integration/test_assignments.py::TestAssignments::test_assignment_with_dates", "type": "Function", "lineno": 87}, {"nodeid": "integration/test_assignments.py::TestAssignments::test_assignment_points_validation", "type": "Function", "lineno": 108}, {"nodeid": "integration/test_assignments.py::TestAssignments::test_student_can_view_assignments", "type": "Function", "lineno": 120}, {"nodeid": "integration/test_assignments.py::TestAssignments::test_student_cannot_create_assignment", "type": "Function", "lineno": 132}, {"nodeid": "integration/test_assignments.py::TestAssignments::test_student_cannot_delete_assignment", "type": "Function", "lineno": 142}, {"nodeid": "integration/test_assignments.py::TestAssignments::test_empty_assignments_list", "type": "Function", "lineno": 157}]}, {"nodeid": "integration/test_assignments.py", "outcome": "passed", "result": [{"nodeid": "integration/test_assignments.py::TestAssignments", "type": "Class"}]}, {"nodeid": "integration/test_auth.py::TestAuthentication", "outcome": "passed", "result": [{"nodeid": "integration/test_auth.py::TestAuthentication::test_user_signup_success", "type": "Function", "lineno": 14}, {"nodeid": "integration/test_auth.py::TestAuthentication::test_user_signup_duplicate_username", "type": "Function", "lineno": 28}, {"nodeid": "integration/test_auth.py::TestAuthentication::test_user_signup_missing_required_fields", "type": "Function", "lineno": 40}, {"nodeid": "integration/test_auth.py::TestAuthentication::test_user_signin_success", "type": "Function", "lineno": 54}, {"nodeid": "integration/test_auth.py::TestAuthentication::test_user_signin_wrong_password", "type": "Function", "lineno": 73}, {"nodeid": "integration/test_auth.py::TestAuthentication::test_user_signin_nonexistent_user", "type": "Function", "lineno": 88}, {"nodeid": "integration/test_auth.py::TestAuthentication::test_user_signout", "type": "Function", "lineno": 98}, {"nodeid": "integration/test_auth.py::TestAuthentication::test_get_profile_authenticated", "type": "Function", "lineno": 113}, {"nodeid": "integration/test_auth.py::TestAuthentication::test_get_profile_unauthenticated", "type": "Function", "lineno": 123}, {"nodeid": "integration/test_auth.py::TestAuthentication::test_session_persistence", "type": "Function", "lineno": 134}, {"nodeid": "integration/test_auth.py::TestAuthentication::test_signup_different_roles", "type": "Function", "lineno": 151}, {"nodeid": "integration/test_auth.py::TestAuthentication::test_signin_after_signout", "type": "Function", "lineno": 163}]}, {"nodeid": "integration/test_auth.py", "outcome": "passed", "result": [{"nodeid": "integration/test_auth.py::TestAuthentication", "type": "Class"}]}, {"nodeid": "integration/test_courses.py::TestCourseManagement", "outcome": "passed", "result": [{"nodeid": "integration/test_courses.py::TestCourseManagement::test_faculty_create_course", "type": "Function", "lineno": 13}, {"nodeid": "integration/test_courses.py::TestCourseManagement::test_faculty_auto_enrolled_in_created_course", "type": "Function", "lineno": 26}, {"nodeid": "integration/test_courses.py::TestCourseManagement::test_student_cannot_create_course", "type": "Function", "lineno": 44}, {"nodeid": "integration/test_courses.py::TestCourseManagement::test_get_all_courses", "type": "Function", "lineno": 53}, {"nodeid": "integration/test_courses.py::TestCourseManagement::test_get_user_courses", "type": "Function", "lineno": 66}, {"nodeid": "integration/test_courses.py::TestCourseManagement::test_update_course_by_faculty", "type": "Function", "lineno": 85}, {"nodeid": "integration/test_courses.py::TestCourseManagement::test_student_cannot_update_course", "type": "Function", "lineno": 101}, {"nodeid": "integration/test_courses.py::TestCourseManagement::test_delete_course_by_faculty", "type": "Function", "lineno": 112}, {"nodeid": "integration/test_courses.py::TestCourseManagement::test_delete_course_cascades", "type": "Function", "lineno": 124}, {"nodeid": "integration/test_courses.py::TestCourseManagement::test_student_cannot_delete_course", "type": "Function", "lineno": 148}, {"nodeid": "integration/test_courses.py::TestCourseManagement::test_get_course_users", "type": "Function", "lineno": 155}, {"nodeid": "integration/test_courses.py::TestCourseManagement::test_course_has_required_fields", "type": "Function", "lineno": 165}, {"nodeid": "integration/test_courses.py::TestCourseManagement::test_course_with_dates", "type": "Function", "lineno": 186}, {"nodeid": "integration/test_courses.py::TestCourseManagement::test_multiple_faculty_create_courses", "type": "Function", "lineno": 200}]}, {"nodeid": "integration/test_courses.py", "outcome": "passed", "result": [{"nodeid": "integration/test_courses.py::TestCourseManagement", "type": "Class"}]}, {"nodeid": "integration/test_enrollments.py::TestEnrollments", "outcome": "passed", "result": [{"nodeid": "integration/test_enrollments.py::TestEnrollments::test_student_enroll_in_course", "type": "Function", "lineno": 13}, {"nodeid": "integration/test_enrollments.py::TestEnrollments::test_student_get_enrollments", "type": "Function", "lineno": 24}, {"nodeid": "integration/test_enrollments.py::TestEnrollments::test_student_unenroll_from_course", "type": "Function", "lineno": 41}, {"nodeid": "integration/test_enrollments.py::TestEnrollments::test_get_course_users", "type": "Function", "lineno": 54}, {"nodeid": "integration/test_enrollments.py::TestEnrollments::test_prevent_duplicate_enrollments", "type": "Function", "lineno": 69}, {"nodeid": "integration/test_enrollments.py::TestEnrollments::test_enrollment_has_default_status", "type": "Function", "lineno": 82}, {"nodeid": "integration/test_enrollments.py::TestEnrollments::test_faculty_can_enroll_student", "type": "Function", "lineno": 90}, {"nodeid": "integration/test_enrollments.py::TestEnrollments::test_unenrollment_removes_from_course_users", "type": "Function", "lineno": 116}, {"nodeid": "integration/test_enrollments.py::TestEnrollments::test_multiple_students_enroll_in_same_course", "type": "Function", "lineno": 135}]}, {"nodeid": "integration/test_enrollments.py", "outcome": "passed", "result": [{"nodeid": "integration/test_enrollments.py::TestEnrollments", "type": "Class"}]}, {"nodeid": "integration/test_modules.py::TestModules", "outcome": "passed", "result": [{"nodeid": "integration/test_modules.py::TestModules::test_create_module", "type": "Function", "lineno": 13}, {"nodeid": "integration/test_modules.py::TestModules::test_get_modules_for_course", "type": "Function", "lineno": 25}, {"nodeid": "integration/test_modules.py::TestModules::test_update_module", "type": "Function", "lineno": 42}, {"nodeid": "integration/test_modules.py::TestModules::test_delete_module", "type": "Function", "lineno": 64}, {"nodeid": "integration/test_modules.py::TestModules::test_module_with_lessons", "type": "Function", "lineno": 79}, {"nodeid": "integration/test_modules.py::TestModules::test_student_can_view_modules", "type": "Function", "lineno": 100}, {"nodeid": "integration/test_modules.py::TestModules::test_empty_modules_list", "type": "Function", "lineno": 112}, {"nodeid": "integration/test_modules.py::TestModules::test_module_ordering", "type": "Function", "lineno": 121}]}, {"nodeid": "integration/test_modules.py", "outcome": "passed", "result": [{"nodeid": "integration/test_modules.py::TestModules", "type": "Class"}]}, {"nodeid": "integration/test_quiz_attempts.py::TestQuizAttempts", "outcome": "passed", "result": [{"nodeid": "integration/test_quiz_attempts.py::TestQuizAttempts::test_start_quiz_attempt", "type": "Function", "lineno": 42}, {"nodeid": "integration/test_quiz_attempts.py::TestQuizAttempts::test_get_in_progress_attempt", "type": "Function", "lineno": 60}, {"nodeid": "integration/test_quiz_attempts.py::TestQuizAttempts::test_update_attempt_answers", "type": "Function", "lineno": 78}, {"nodeid": "integration/test_quiz_attempts.py::TestQuizAttempts::test_submit_quiz_attempt_multiple_choice", "type": "Function", "lineno": 99}, {"nodeid": "integration/test_quiz_attempts.py::TestQuizAttempts::test_submit_quiz_attempt_true_false", "type": "Function", "lineno": 133}, {"nodeid": "integration/test_quiz_attempts.py::TestQuizAttempts::test_submit_quiz_attempt_fill_blank", "type": "Function", "lineno": 164}, {"nodeid": "integration/test_quiz_attempts.py::TestQuizAttempts::test_submit_quiz_with_incorrect_answers", "type": "Function", "lineno": 200}, {"nodeid": "integration/test_quiz_attempts.py::TestQuizAttempts::test_get_all_attempts_for_quiz", "type": "Function", "lineno": 232}, {"nodeid": "integration/test_quiz_attempts.py::TestQuizAttempts::test_get_attempt_count", "type": "Function", "lineno": 256}, {"nodeid": "integration/test_quiz_attempts.py::TestQuizAttempts::test_get_latest_attempt", "type": "Function", "lineno": 277}, {"nodeid": "integration/test_quiz_attempts.py::TestQuizAttempts::test_get_specific_attempt", "type": "Function", "lineno": 299}, {"nodeid": "integration/test_quiz_attempts.py::TestQuizAttempts::test_multiple_attempts_if_allowed", "type": "Function", "lineno": 320}, {"nodeid": "integration/test_quiz_attempts.py::TestQuizAttempts::test_case_sensitive_fill_blank", "type": "Function", "lineno": 353}]}, {"nodeid": "integration/test_quiz_attempts.py", "outcome": "passed", "result": [{"nodeid": "integration/test_quiz_attempts.py::TestQuizAttempts", "type": "Class"}]}, {"nodeid": "integration/test_quizzes.py::TestQuizzes", "outcome": "passed", "result": [{"nodeid": "integration/test_quizzes.py::TestQuizzes::test_create_quiz", "type": "Function", "lineno": 14}, {"nodeid": "integration/test_quizzes.py::TestQuizzes::test_create_quiz_with_multiple_choice_questions", "type": "Function", "lineno": 28}, {"nodeid": "integration/test_quizzes.py::TestQuizzes::test_create_quiz_with_true_false_questions", "type": "Function", "lineno": 57}, {"nodeid": "integration/test_quizzes.py::TestQuizzes::test_create_quiz_with_fill_blank_questions", "type": "Function", "lineno": 82}, {"nodeid": "integration/test_quizzes.py::TestQuizzes::test_create_quiz_with_mixed_questions", "type": "Function", "lineno": 106}, {"nodeid": "integration/test_quizzes.py::TestQuizzes::test_get_quizzes_for_course", "type": "Function", "lineno": 126}, {"nodeid": "integration/test_quizzes.py::TestQuizzes::test_update_quiz", "type": "Function", "lineno": 143}, {"nodeid": "integration/test_quizzes.py::TestQuizzes::test_delete_quiz", "type": "Function", "lineno": 167}, {"nodeid": "integration/test_quizzes.py::TestQuizzes::test_student_view_quiz_no_correct_answers", "type": "Function", "lineno": 182}, {"nodeid": "integration/test_quizzes.py::TestQuizzes::test_faculty_view_quiz_with_correct_answers", "type": "Function", "lineno": 215}, {"nodeid": "integration/test_quizzes.py::TestQuizzes::test_quiz_settings", "type": "Function", "lineno": 245}, {"nodeid": "integration/test_quizzes.py::TestQuizzes::test_debug_quiz_endpoint_faculty", "type": "Function", "lineno": 274}, {"nodeid": "integration/test_quizzes.py::TestQuizzes::test_student_cannot_access_debug_endpoint", "type": "Function", "lineno": 294}]}, {"nodeid": "integration/test_quizzes.py", "outcome": "passed", "result": [{"nodeid": "integration/test_quizzes.py::TestQuizzes", "type": "Class"}]}, {"nodeid": "integration/test_users.py::TestUserManagement", "outcome": "passed", "result": [{"nodeid": "integration/test_users.py::TestUserManagement::test_create_user", "type": "Function", "lineno": 13}, {"nodeid": "integration/test_users.py::TestUserManagement::test_get_all_users", "type": "Function", "lineno": 25}, {"nodeid": "integration/test_users.py::TestUserManagement::test_get_user_by_id", "type": "Function", "lineno": 39}, {"nodeid": "integration/test_users.py::TestUserManagement::test_get_user_by_id_not_found", "type": "Function", "lineno": 54}, {"nodeid": "integration/test_users.py::TestUserManagement::test_update_user", "type": "Function", "lineno": 60}, {"nodeid": "integration/test_users.py::TestUserManagement::test_update_own_profile", "type": "Function", "lineno": 81}, {"nodeid": "integration/test_users.py::TestUserManagement::test_delete_user", "type": "Function", "lineno": 99}, {"nodeid": "integration/test_users.py::TestUserManagement::test_filter_users_by_role", "type": "Function", "lineno": 115}, {"nodeid": "integration/test_users.py::TestUserManagement::test_filter_users_by_name", "type": "Function", "lineno": 134}, {"nodeid": "integration/test_users.py::TestUserManagement::test_create_users_with_all_roles", "type": "Function", "lineno": 154}, {"nodeid": "integration/test_users.py::TestUserManagement::test_user_fields_validation", "type": "Function", "lineno": 166}, {"nodeid": "integration/test_users.py::TestUserManagement::test_unique_username_constraint", "type": "Function", "lineno": 181}, {"nodeid": "integration/test_users.py::TestUserManagement::test_get_users_pagination", "type": "Function", "lineno": 193}]}, {"nodeid": "integration/test_users.py", "outcome": "passed", "result": [{"nodeid": "integration/test_users.py::TestUserManagement", "type": "Class"}]}, {"nodeid": "integration/__init__.py", "outcome": "passed", "result": [{"nodeid": "integration/test_assignments.py", "type": "Module"}, {"nodeid": "integration/test_auth.py", "type": "Module"}, {"nodeid": "integration/test_courses.py", "type": "Module"}, {"nodeid": "integration/test_enrollments.py", "type": "Module"}, {"nodeid": "integration/test_modules.py", "type": "Module"}, {"nodeid": "integration/test_quiz_attempts.py", "type": "Module"}, {"nodeid": "integration/test_quizzes.py", "type": "Module"}, {"nodeid": "integration/test_users.py", "type": "Module"}]}, {"nodeid": "unit/__init__.py", "outcome": "passed", "result": []}], "tests": [{"nodeid": "e2e/test_faculty_workflow.py::TestFacultyWorkflow::test_complete_faculty_journey", "lineno": 13, "outcome": "passed", "keywords": ["test_complete_faculty_journey", "TestFacultyWorkflow", "e2e", "test_faculty_workflow.py", "e2e/__init__.py", "tests"], "setup": {"duration": 0.22694020002381876, "outcome": "passed", "stdout": "\n============================================================\nSetting up test environment...\n============================================================\n\u2713 Backend server is running\n\u2713 Connected to test database\n============================================================\n\n"}, "call": {"duration": 0.7157576000317931, "outcome": "passed"}, "teardown": {"duration": 0.0007096999906934798, "outcome": "passed"}}, {"nodeid": "e2e/test_faculty_workflow.py::TestFacultyWorkflow::test_faculty_manage_student_enrollments", "lineno": 183, "outcome": "passed", "keywords": ["test_faculty_manage_student_enrollments", "TestFacultyWorkflow", "e2e", "test_faculty_workflow.py", "e2e/__init__.py", "tests"], "setup": {"duration": 0.00031480001052841544, "outcome": "passed"}, "call": {"duration": 0.7315239000017755, "outcome": "passed"}, "teardown": {"duration": 0.0003765999572351575, "outcome": "passed"}}, {"nodeid": "e2e/test_faculty_workflow.py::TestFacultyWorkflow::test_faculty_view_quiz_attempts", "lineno": 239, "outcome": "failed", "keywords": ["test_faculty_view_quiz_attempts", "TestFacultyWorkflow", "e2e", "test_faculty_workflow.py", "e2e/__init__.py", "tests"], "setup": {"duration": 0.00037750002229586244, "outcome": "passed"}, "call": {"duration": 0.387306000047829, "outcome": "failed", "crash": {"path": "D:\\WebDev\\kambaz-node-server-app\\tests\\e2e\\test_faculty_workflow.py", "lineno": 277, "message": "KeyError: '_id'"}, "traceback": [{"path": "e2e\\test_faculty_workflow.py", "lineno": 277, "message": "in test_faculty_view_quiz_attempts"}], "longrepr": "e2e\\test_faculty_workflow.py:277: in test_faculty_view_quiz_attempts\n    [{\"question\": quiz[\"questions\"][0][\"_id\"], \"answer\": 1}]\nE   KeyError: '_id'"}, "teardown": {"duration": 0.0005151999648660421, "outcome": "passed"}}, {"nodeid": "e2e/test_faculty_workflow.py::TestFacultyWorkflow::test_faculty_delete_course_cascade", "lineno": 295, "outcome": "passed", "keywords": ["test_faculty_delete_course_cascade", "TestFacultyWorkflow", "e2e", "test_faculty_workflow.py", "e2e/__init__.py", "tests"], "setup": {"duration": 0.0003203999949619174, "outcome": "passed"}, "call": {"duration": 0.4132186000351794, "outcome": "passed"}, "teardown": {"duration": 0.00028009997913613915, "outcome": "passed"}}, {"nodeid": "e2e/test_student_workflow.py::TestStudentWorkflow::test_complete_student_journey", "lineno": 14, "outcome": "failed", "keywords": ["test_complete_student_journey", "TestStudentWorkflow", "e2e", "test_student_workflow.py", "e2e/__init__.py", "tests"], "setup": {"duration": 0.00029520003590732813, "outcome": "passed"}, "call": {"duration": 0.6104092999594286, "outcome": "failed", "crash": {"path": "D:\\WebDev\\kambaz-node-server-app\\tests\\e2e\\test_student_workflow.py", "lineno": 123, "message": "KeyError: '_id'"}, "traceback": [{"path": "e2e\\test_student_workflow.py", "lineno": 123, "message": "in test_complete_student_journey"}], "longrepr": "e2e\\test_student_workflow.py:123: in test_complete_student_journey\n    {\"question\": quiz[\"questions\"][0][\"_id\"], \"answer\": 1},  # Correct\nE   KeyError: '_id'"}, "teardown": {"duration": 0.0002875999780371785, "outcome": "passed"}}, {"nodeid": "e2e/test_student_workflow.py::TestStudentWorkflow::test_student_multiple_quiz_attempts", "lineno": 141, "outcome": "failed", "keywords": ["test_student_multiple_quiz_attempts", "TestStudentWorkflow", "e2e", "test_student_workflow.py", "e2e/__init__.py", "tests"], "setup": {"duration": 0.00031319999834522605, "outcome": "passed"}, "call": {"duration": 0.3569645000388846, "outcome": "failed", "crash": {"path": "D:\\WebDev\\kambaz-node-server-app\\tests\\e2e\\test_student_workflow.py", "lineno": 188, "message": "KeyError: '_id'"}, "traceback": [{"path": "e2e\\test_student_workflow.py", "lineno": 188, "message": "in test_student_multiple_quiz_attempts"}], "longrepr": "e2e\\test_student_workflow.py:188: in test_student_multiple_quiz_attempts\n    [{\"question\": quiz[\"questions\"][0][\"_id\"], \"answer\": 0}]  # Wrong\nE   KeyError: '_id'"}, "teardown": {"duration": 0.0002549000200815499, "outcome": "passed"}}, {"nodeid": "e2e/test_student_workflow.py::TestStudentWorkflow::test_student_cannot_see_correct_answers", "lineno": 204, "outcome": "passed", "keywords": ["test_student_cannot_see_correct_answers", "TestStudentWorkflow", "e2e", "test_student_workflow.py", "e2e/__init__.py", "tests"], "setup": {"duration": 0.00028680003015324473, "outcome": "passed"}, "call": {"duration": 0.3337088000262156, "outcome": "passed"}, "teardown": {"duration": 0.00033329997677356005, "outcome": "passed"}}, {"nodeid": "integration/test_assignments.py::TestAssignments::test_create_assignment", "lineno": 14, "outcome": "passed", "keywords": ["test_create_assignment", "TestAssignments", "integration", "test_assignments.py", "integration/__init__.py", "tests"], "setup": {"duration": 0.14989979995880276, "outcome": "passed"}, "call": {"duration": 0.035627500037662685, "outcome": "passed"}, "teardown": {"duration": 0.0020861999946646392, "outcome": "passed"}}, {"nodeid": "integration/test_assignments.py::TestAssignments::test_get_assignments_for_course", "lineno": 28, "outcome": "passed", "keywords": ["test_get_assignments_for_course", "TestAssignments", "integration", "test_assignments.py", "integration/__init__.py", "tests"], "setup": {"duration": 0.1629213999840431, "outcome": "passed"}, "call": {"duration": 0.12136640003882349, "outcome": "passed"}, "teardown": {"duration": 0.0026161999558098614, "outcome": "passed"}}, {"nodeid": "integration/test_assignments.py::TestAssignments::test_update_assignment", "lineno": 48, "outcome": "passed", "keywords": ["test_update_assignment", "TestAssignments", "integration", "test_assignments.py", "integration/__init__.py", "tests"], "setup": {"duration": 0.15390320000005886, "outcome": "passed"}, "call": {"duration": 0.06787840003380552, "outcome": "passed"}, "teardown": {"duration": 0.001678300031926483, "outcome": "passed"}}, {"nodeid": "integration/test_assignments.py::TestAssignments::test_delete_assignment", "lineno": 72, "outcome": "passed", "keywords": ["test_delete_assignment", "TestAssignments", "integration", "test_assignments.py", "integration/__init__.py", "tests"], "setup": {"duration": 0.1474774000234902, "outcome": "passed"}, "call": {"duration": 0.06323189998511225, "outcome": "passed"}, "teardown": {"duration": 0.0018550999811850488, "outcome": "passed"}}, {"nodeid": "integration/test_assignments.py::TestAssignments::test_assignment_with_dates", "lineno": 87, "outcome": "passed", "keywords": ["test_assignment_with_dates", "TestAssignments", "integration", "test_assignments.py", "integration/__init__.py", "tests"], "setup": {"duration": 0.14390290004666895, "outcome": "passed"}, "call": {"duration": 0.030762100010178983, "outcome": "passed"}, "teardown": {"duration": 0.003752299991901964, "outcome": "passed"}}, {"nodeid": "integration/test_assignments.py::TestAssignments::test_assignment_points_validation", "lineno": 108, "outcome": "passed", "keywords": ["test_assignment_points_validation", "TestAssignments", "integration", "test_assignments.py", "integration/__init__.py", "tests"], "setup": {"duration": 0.1760710999951698, "outcome": "passed"}, "call": {"duration": 0.030776400002650917, "outcome": "passed"}, "teardown": {"duration": 0.0015937000280246139, "outcome": "passed"}}, {"nodeid": "integration/test_assignments.py::TestAssignments::test_student_can_view_assignments", "lineno": 120, "outcome": "passed", "keywords": ["test_student_can_view_assignments", "TestAssignments", "integration", "test_assignments.py", "integration/__init__.py", "tests"], "setup": {"duration": 0.24440670001786202, "outcome": "passed"}, "call": {"duration": 0.054387399984989315, "outcome": "passed"}, "teardown": {"duration": 0.0032062000245787203, "outcome": "passed"}}, {"nodeid": "integration/test_assignments.py::TestAssignments::test_student_cannot_create_assignment", "lineno": 132, "outcome": "failed", "keywords": ["test_student_cannot_create_assignment", "TestAssignments", "integration", "test_assignments.py", "integration/__init__.py", "tests"], "setup": {"duration": 0.26551449997350574, "outcome": "passed"}, "call": {"duration": 0.03324889997020364, "outcome": "failed", "crash": {"path": "D:\\WebDev\\kambaz-node-server-app\\tests\\integration\\test_assignments.py", "lineno": 141, "message": "assert 200 in [401, 403, 500]\n +  where 200 = <Response [200]>.status_code"}, "traceback": [{"path": "integration\\test_assignments.py", "lineno": 141, "message": "in test_student_cannot_create_assignment"}], "longrepr": "integration\\test_assignments.py:141: in test_student_cannot_create_assignment\n    assert response.status_code in [401, 403, 500]\nE   assert 200 in [401, 403, 500]\nE    +  where 200 = <Response [200]>.status_code"}, "teardown": {"duration": 0.0031151999719440937, "outcome": "passed"}}, {"nodeid": "integration/test_assignments.py::TestAssignments::test_student_cannot_delete_assignment", "lineno": 142, "outcome": "failed", "keywords": ["test_student_cannot_delete_assignment", "TestAssignments", "integration", "test_assignments.py", "integration/__init__.py", "tests"], "setup": {"duration": 0.250333399977535, "outcome": "passed"}, "call": {"duration": 0.06837369996355847, "outcome": "failed", "crash": {"path": "D:\\WebDev\\kambaz-node-server-app\\tests\\integration\\test_assignments.py", "lineno": 156, "message": "assert 200 in [401, 403, 500]\n +  where 200 = <Response [200]>.status_code"}, "traceback": [{"path": "integration\\test_assignments.py", "lineno": 156, "message": "in test_student_cannot_delete_assignment"}], "longrepr": "integration\\test_assignments.py:156: in test_student_cannot_delete_assignment\n    assert response.status_code in [401, 403, 500]\nE   assert 200 in [401, 403, 500]\nE    +  where 200 = <Response [200]>.status_code"}, "teardown": {"duration": 0.003138099971693009, "outcome": "passed"}}, {"nodeid": "integration/test_assignments.py::TestAssignments::test_empty_assignments_list", "lineno": 157, "outcome": "passed", "keywords": ["test_empty_assignments_list", "TestAssignments", "integration", "test_assignments.py", "integration/__init__.py", "tests"], "setup": {"duration": 0.16068049997556955, "outcome": "passed"}, "call": {"duration": 0.027792599983513355, "outcome": "passed"}, "teardown": {"duration": 0.001923800038639456, "outcome": "passed"}}, {"nodeid": "integration/test_auth.py::TestAuthentication::test_user_signup_success", "lineno": 14, "outcome": "passed", "keywords": ["test_user_signup_success", "TestAuthentication", "auth", "integration", "test_auth.py", "integration/__init__.py", "tests"], "setup": {"duration": 0.0003092000260949135, "outcome": "passed"}, "call": {"duration": 0.05675160000100732, "outcome": "passed"}, "teardown": {"duration": 0.00027870002668350935, "outcome": "passed"}}, {"nodeid": "integration/test_auth.py::TestAuthentication::test_user_signup_duplicate_username", "lineno": 28, "outcome": "passed", "keywords": ["test_user_signup_duplicate_username", "TestAuthentication", "auth", "integration", "test_auth.py", "integration/__init__.py", "tests"], "setup": {"duration": 0.00027190003311261535, "outcome": "passed"}, "call": {"duration": 0.08516000001691282, "outcome": "passed"}, "teardown": {"duration": 0.0003478999715298414, "outcome": "passed"}}, {"nodeid": "integration/test_auth.py::TestAuthentication::test_user_signup_missing_required_fields", "lineno": 40, "outcome": "passed", "keywords": ["test_user_signup_missing_required_fields", "TestAuthentication", "auth", "integration", "test_auth.py", "integration/__init__.py", "tests"], "setup": {"duration": 0.00032699998700991273, "outcome": "passed"}, "call": {"duration": 0.08515970001462847, "outcome": "passed"}, "teardown": {"duration": 0.00030720001086592674, "outcome": "passed"}}, {"nodeid": "integration/test_auth.py::TestAuthentication::test_user_signin_success", "lineno": 54, "outcome": "passed", "keywords": ["test_user_signin_success", "TestAuthentication", "auth", "integration", "test_auth.py", "integration/__init__.py", "tests"], "setup": {"duration": 0.00030990003142505884, "outcome": "passed"}, "call": {"duration": 0.08841080003185198, "outcome": "passed"}, "teardown": {"duration": 0.00033410004107281566, "outcome": "passed"}}, {"nodeid": "integration/test_auth.py::TestAuthentication::test_user_signin_wrong_password", "lineno": 73, "outcome": "passed", "keywords": ["test_user_signin_wrong_password", "TestAuthentication", "auth", "integration", "test_auth.py", "integration/__init__.py", "tests"], "setup": {"duration": 0.0003141000051982701, "outcome": "passed"}, "call": {"duration": 0.13564919994678348, "outcome": "passed"}, "teardown": {"duration": 0.00033740000799298286, "outcome": "passed"}}, {"nodeid": "integration/test_auth.py::TestAuthentication::test_user_signin_nonexistent_user", "lineno": 88, "outcome": "passed", "keywords": ["test_user_signin_nonexistent_user", "TestAuthentication", "auth", "integration", "test_auth.py", "integration/__init__.py", "tests"], "setup": {"duration": 0.0003953000414185226, "outcome": "passed"}, "call": {"duration": 0.06931440002517775, "outcome": "passed"}, "teardown": {"duration": 0.0003125000512227416, "outcome": "passed"}}, {"nodeid": "integration/test_auth.py::TestAuthentication::test_user_signout", "lineno": 98, "outcome": "passed", "keywords": ["test_user_signout", "TestAuthentication", "auth", "integration", "test_auth.py", "integration/__init__.py", "tests"], "setup": {"duration": 0.0003000999568030238, "outcome": "passed"}, "call": {"duration": 0.09460650000255555, "outcome": "passed"}, "teardown": {"duration": 0.0003285999991931021, "outcome": "passed"}}, {"nodeid": "integration/test_auth.py::TestAuthentication::test_get_profile_authenticated", "lineno": 113, "outcome": "passed", "keywords": ["test_get_profile_authenticated", "TestAuthentication", "auth", "integration", "test_auth.py", "integration/__init__.py", "tests"], "setup": {"duration": 0.11077799997292459, "outcome": "passed"}, "call": {"duration": 0.0018308000289835036, "outcome": "passed"}, "teardown": {"duration": 0.0016336000408045948, "outcome": "passed"}}, {"nodeid": "integration/test_auth.py::TestAuthentication::test_get_profile_unauthenticated", "lineno": 123, "outcome": "passed", "keywords": ["test_get_profile_unauthenticated", "TestAuthentication", "auth", "integration", "test_auth.py", "integration/__init__.py", "tests"], "setup": {"duration": 0.00027810002211481333, "outcome": "passed"}, "call": {"duration": 0.01969649997772649, "outcome": "passed"}, "teardown": {"duration": 0.00027570000384002924, "outcome": "passed"}}, {"nodeid": "integration/test_auth.py::TestAuthentication::test_session_persistence", "lineno": 134, "outcome": "passed", "keywords": ["test_session_persistence", "TestAuthentication", "auth", "integration", "test_auth.py", "integration/__init__.py", "tests"], "setup": {"duration": 0.0022561000077985227, "outcome": "passed"}, "call": {"duration": 0.09428489999845624, "outcome": "passed"}, "teardown": {"duration": 0.0003027000348083675, "outcome": "passed"}}, {"nodeid": "integration/test_auth.py::TestAuthentication::test_signup_different_roles", "lineno": 151, "outcome": "passed", "keywords": ["test_signup_different_roles", "TestAuthentication", "auth", "integration", "test_auth.py", "integration/__init__.py", "tests"], "setup": {"duration": 0.0003205999964848161, "outcome": "passed"}, "call": {"duration": 0.32812369999010116, "outcome": "passed"}, "teardown": {"duration": 0.0003485999768599868, "outcome": "passed"}}, {"nodeid": "integration/test_auth.py::TestAuthentication::test_signin_after_signout", "lineno": 163, "outcome": "passed", "keywords": ["test_signin_after_signout", "TestAuthentication", "auth", "integration", "test_auth.py", "integration/__init__.py", "tests"], "setup": {"duration": 0.00039569998625665903, "outcome": "passed"}, "call": {"duration": 0.12761959998169914, "outcome": "passed"}, "teardown": {"duration": 0.00030960002914071083, "outcome": "passed"}}, {"nodeid": "integration/test_courses.py::TestCourseManagement::test_faculty_create_course", "lineno": 13, "outcome": "passed", "keywords": ["test_faculty_create_course", "TestCourseManagement", "integration", "test_courses.py", "integration/__init__.py", "tests"], "setup": {"duration": 0.08960090001346543, "outcome": "passed"}, "call": {"duration": 0.07550279999850318, "outcome": "passed"}, "teardown": {"duration": 0.0025945999659597874, "outcome": "passed"}}, {"nodeid": "integration/test_courses.py::TestCourseManagement::test_faculty_auto_enrolled_in_created_course", "lineno": 26, "outcome": "passed", "keywords": ["test_faculty_auto_enrolled_in_created_course", "TestCourseManagement", "integration", "test_courses.py", "integration/__init__.py", "tests"], "setup": {"duration": 0.10328079998726025, "outcome": "passed"}, "call": {"duration": 0.11041429999750108, "outcome": "passed"}, "teardown": {"duration": 0.0019178999937139452, "outcome": "passed"}}, {"nodeid": "integration/test_courses.py::TestCourseManagement::test_student_cannot_create_course", "lineno": 44, "outcome": "failed", "keywords": ["test_student_cannot_create_course", "TestCourseManagement", "integration", "test_courses.py", "integration/__init__.py", "tests"], "setup": {"duration": 0.11042189999716356, "outcome": "passed"}, "call": {"duration": 0.028898099961224943, "outcome": "failed", "crash": {"path": "D:\\WebDev\\kambaz-node-server-app\\tests\\integration\\test_courses.py", "lineno": 52, "message": "assert 200 in [401, 403, 500]\n +  where 200 = <Response [200]>.status_code"}, "traceback": [{"path": "integration\\test_courses.py", "lineno": 52, "message": "in test_student_cannot_create_course"}], "longrepr": "integration\\test_courses.py:52: in test_student_cannot_create_course\n    assert response.status_code in [401, 403, 500]\nE   assert 200 in [401, 403, 500]\nE    +  where 200 = <Response [200]>.status_code"}, "teardown": {"duration": 0.0017047000001184642, "outcome": "passed"}}, {"nodeid": "integration/test_courses.py::TestCourseManagement::test_get_all_courses", "lineno": 53, "outcome": "passed", "keywords": ["test_get_all_courses", "TestCourseManagement", "integration", "test_courses.py", "integration/__init__.py", "tests"], "setup": {"duration": 0.2591237999731675, "outcome": "passed"}, "call": {"duration": 0.03172129997983575, "outcome": "passed"}, "teardown": {"duration": 0.0025926000089384615, "outcome": "passed"}}, {"nodeid": "integration/test_courses.py::TestCourseManagement::test_get_user_courses", "lineno": 66, "outcome": "passed", "keywords": ["test_get_user_courses", "TestCourseManagement", "integration", "test_courses.py", "integration/__init__.py", "tests"], "setup": {"duration": 0.1128123999806121, "outcome": "passed"}, "call": {"duration": 0.11741920001804829, "outcome": "passed"}, "teardown": {"duration": 0.0018084999755956233, "outcome": "passed"}}, {"nodeid": "integration/test_courses.py::TestCourseManagement::test_update_course_by_faculty", "lineno": 85, "outcome": "passed", "keywords": ["test_update_course_by_faculty", "TestCourseManagement", "integration", "test_courses.py", "integration/__init__.py", "tests"], "setup": {"duration": 0.17678590002469718, "outcome": "passed"}, "call": {"duration": 0.07797390001360327, "outcome": "passed"}, "teardown": {"duration": 0.0018001999706029892, "outcome": "passed"}}, {"nodeid": "integration/test_courses.py::TestCourseManagement::test_student_cannot_update_course", "lineno": 101, "outcome": "failed", "keywords": ["test_student_cannot_update_course", "TestCourseManagement", "integration", "test_courses.py", "integration/__init__.py", "tests"], "setup": {"duration": 0.24237619998166338, "outcome": "passed"}, "call": {"duration": 0.09506510000210255, "outcome": "failed", "crash": {"path": "D:\\WebDev\\kambaz-node-server-app\\tests\\integration\\test_courses.py", "lineno": 111, "message": "assert 200 in [401, 403, 500]\n +  where 200 = <Response [200]>.status_code"}, "traceback": [{"path": "integration\\test_courses.py", "lineno": 111, "message": "in test_student_cannot_update_course"}], "longrepr": "integration\\test_courses.py:111: in test_student_cannot_update_course\n    assert response.status_code in [401, 403, 500]\nE   assert 200 in [401, 403, 500]\nE    +  where 200 = <Response [200]>.status_code"}, "teardown": {"duration": 0.0030116999987512827, "outcome": "passed"}}, {"nodeid": "integration/test_courses.py::TestCourseManagement::test_delete_course_by_faculty", "lineno": 112, "outcome": "passed", "keywords": ["test_delete_course_by_faculty", "TestCourseManagement", "integration", "test_courses.py", "integration/__init__.py", "tests"], "setup": {"duration": 0.09178750001592562, "outcome": "passed"}, "call": {"duration": 0.16365300002507865, "outcome": "passed"}, "teardown": {"duration": 0.0019996000337414443, "outcome": "passed"}}, {"nodeid": "integration/test_courses.py::TestCourseManagement::test_delete_course_cascades", "lineno": 124, "outcome": "passed", "keywords": ["test_delete_course_cascades", "TestCourseManagement", "integration", "test_courses.py", "integration/__init__.py", "tests"], "setup": {"duration": 0.09740890003740788, "outcome": "passed"}, "call": {"duration": 0.21519509999779984, "outcome": "passed"}, "teardown": {"duration": 0.001987900002859533, "outcome": "passed"}}, {"nodeid": "integration/test_courses.py::TestCourseManagement::test_student_cannot_delete_course", "lineno": 148, "outcome": "failed", "keywords": ["test_student_cannot_delete_course", "TestCourseManagement", "integration", "test_courses.py", "integration/__init__.py", "tests"], "setup": {"duration": 0.22824929998023435, "outcome": "passed"}, "call": {"duration": 0.12444559996947646, "outcome": "failed", "crash": {"path": "D:\\WebDev\\kambaz-node-server-app\\tests\\integration\\test_courses.py", "lineno": 154, "message": "assert 200 in [401, 403, 500]\n +  where 200 = <Response [200]>.status_code"}, "traceback": [{"path": "integration\\test_courses.py", "lineno": 154, "message": "in test_student_cannot_delete_course"}], "longrepr": "integration\\test_courses.py:154: in test_student_cannot_delete_course\n    assert response.status_code in [401, 403, 500]\nE   assert 200 in [401, 403, 500]\nE    +  where 200 = <Response [200]>.status_code"}, "teardown": {"duration": 0.002924500033259392, "outcome": "passed"}}, {"nodeid": "integration/test_courses.py::TestCourseManagement::test_get_course_users", "lineno": 155, "outcome": "passed", "keywords": ["test_get_course_users", "TestCourseManagement", "integration", "test_courses.py", "integration/__init__.py", "tests"], "setup": {"duration": 0.1628072999883443, "outcome": "passed"}, "call": {"duration": 0.054058599984273314, "outcome": "passed"}, "teardown": {"duration": 0.0018773999763652682, "outcome": "passed"}}, {"nodeid": "integration/test_courses.py::TestCourseManagement::test_course_has_required_fields", "lineno": 165, "outcome": "passed", "keywords": ["test_course_has_required_fields", "TestCourseManagement", "integration", "test_courses.py", "integration/__init__.py", "tests"], "setup": {"duration": 0.08934169996064156, "outcome": "passed"}, "call": {"duration": 0.06980270001804456, "outcome": "passed"}, "teardown": {"duration": 0.0017493999912403524, "outcome": "passed"}}, {"nodeid": "integration/test_courses.py::TestCourseManagement::test_course_with_dates", "lineno": 186, "outcome": "passed", "keywords": ["test_course_with_dates", "TestCourseManagement", "integration", "test_courses.py", "integration/__init__.py", "tests"], "setup": {"duration": 0.1124722000095062, "outcome": "passed"}, "call": {"duration": 0.05543559999205172, "outcome": "passed"}, "teardown": {"duration": 0.0022823999752290547, "outcome": "passed"}}, {"nodeid": "integration/test_courses.py::TestCourseManagement::test_multiple_faculty_create_courses", "lineno": 200, "outcome": "passed", "keywords": ["test_multiple_faculty_create_courses", "TestCourseManagement", "integration", "test_courses.py", "integration/__init__.py", "tests"], "setup": {"duration": 0.0003330999752506614, "outcome": "passed"}, "call": {"duration": 0.31320650002453476, "outcome": "passed"}, "teardown": {"duration": 0.00031380000291392207, "outcome": "passed"}}, {"nodeid": "integration/test_enrollments.py::TestEnrollments::test_student_enroll_in_course", "lineno": 13, "outcome": "passed", "keywords": ["test_student_enroll_in_course", "TestEnrollments", "integration", "test_enrollments.py", "integration/__init__.py", "tests"], "setup": {"duration": 0.23087889997987077, "outcome": "passed"}, "call": {"duration": 0.02512220002245158, "outcome": "passed"}, "teardown": {"duration": 0.004301199980545789, "outcome": "passed"}}, {"nodeid": "integration/test_enrollments.py::TestEnrollments::test_student_get_enrollments", "lineno": 24, "outcome": "passed", "keywords": ["test_student_get_enrollments", "TestEnrollments", "integration", "test_enrollments.py", "integration/__init__.py", "tests"], "setup": {"duration": 0.23428969999076799, "outcome": "passed"}, "call": {"duration": 0.05753859999822453, "outcome": "passed"}, "teardown": {"duration": 0.0031516000162810087, "outcome": "passed"}}, {"nodeid": "integration/test_enrollments.py::TestEnrollments::test_student_unenroll_from_course", "lineno": 41, "outcome": "passed", "keywords": ["test_student_unenroll_from_course", "TestEnrollments", "integration", "test_enrollments.py", "integration/__init__.py", "tests"], "setup": {"duration": 0.2609675999847241, "outcome": "passed"}, "call": {"duration": 0.0636345999664627, "outcome": "passed"}, "teardown": {"duration": 0.0029266999918036163, "outcome": "passed"}}, {"nodeid": "integration/test_enrollments.py::TestEnrollments::test_get_course_users", "lineno": 54, "outcome": "failed", "keywords": ["test_get_course_users", "TestEnrollments", "integration", "test_enrollments.py", "integration/__init__.py", "tests"], "setup": {"duration": 0.25318380002863705, "outcome": "passed"}, "call": {"duration": 0.10344639996765181, "outcome": "failed", "crash": {"path": "D:\\WebDev\\kambaz-node-server-app\\tests\\integration\\test_enrollments.py", "lineno": 68, "message": "AssertionError: assert 1 >= 2\n +  where 1 = len([{'__v': 0, '_id': 'd5af8680-4fe5-4ed7-b5c1-2cd415d6c056', 'dob': '1993-04-06T00:00:00.000Z', 'email': 'paula_fuentes_2495@test.com', ...}])"}, "traceback": [{"path": "integration\\test_enrollments.py", "lineno": 68, "message": "in test_get_course_users"}], "longrepr": "integration\\test_enrollments.py:68: in test_get_course_users\n    assert len(users) >= 2\nE   AssertionError: assert 1 >= 2\nE    +  where 1 = len([{'__v': 0, '_id': 'd5af8680-4fe5-4ed7-b5c1-2cd415d6c056', 'dob': '1993-04-06T00:00:00.000Z', 'email': 'paula_fuentes_2495@test.com', ...}])"}, "teardown": {"duration": 0.0028226000140421093, "outcome": "passed"}}, {"nodeid": "integration/test_enrollments.py::TestEnrollments::test_prevent_duplicate_enrollments", "lineno": 69, "outcome": "passed", "keywords": ["test_prevent_duplicate_enrollments", "TestEnrollments", "integration", "test_enrollments.py", "integration/__init__.py", "tests"], "setup": {"duration": 0.21855170000344515, "outcome": "passed"}, "call": {"duration": 0.0548918999847956, "outcome": "passed"}, "teardown": {"duration": 0.0026591999921947718, "outcome": "passed"}}, {"nodeid": "integration/test_enrollments.py::TestEnrollments::test_enrollment_has_default_status", "lineno": 82, "outcome": "passed", "keywords": ["test_enrollment_has_default_status", "TestEnrollments", "integration", "test_enrollments.py", "integration/__init__.py", "tests"], "setup": {"duration": 0.23009659996023402, "outcome": "passed"}, "call": {"duration": 0.028747099975589663, "outcome": "passed"}, "teardown": {"duration": 0.002979799988679588, "outcome": "passed"}}, {"nodeid": "integration/test_enrollments.py::TestEnrollments::test_faculty_can_enroll_student", "lineno": 90, "outcome": "passed", "keywords": ["test_faculty_can_enroll_student", "TestEnrollments", "integration", "test_enrollments.py", "integration/__init__.py", "tests"], "setup": {"duration": 0.1427597000147216, "outcome": "passed"}, "call": {"duration": 0.2429021000280045, "outcome": "passed"}, "teardown": {"duration": 0.0016740999999456108, "outcome": "passed"}}, {"nodeid": "integration/test_enrollments.py::TestEnrollments::test_unenrollment_removes_from_course_users", "lineno": 116, "outcome": "passed", "keywords": ["test_unenrollment_removes_from_course_users", "TestEnrollments", "integration", "test_enrollments.py", "integration/__init__.py", "tests"], "setup": {"duration": 0.24002239998662844, "outcome": "passed"}, "call": {"duration": 0.08972369995899498, "outcome": "passed"}, "teardown": {"duration": 0.00362539995694533, "outcome": "passed"}}, {"nodeid": "integration/test_enrollments.py::TestEnrollments::test_multiple_students_enroll_in_same_course", "lineno": 135, "outcome": "passed", "keywords": ["test_multiple_students_enroll_in_same_course", "TestEnrollments", "integration", "test_enrollments.py", "integration/__init__.py", "tests"], "setup": {"duration": 0.14663650002330542, "outcome": "passed"}, "call": {"duration": 0.36283610004466027, "outcome": "passed"}, "teardown": {"duration": 0.0014751999988220632, "outcome": "passed"}}, {"nodeid": "integration/test_modules.py::TestModules::test_create_module", "lineno": 13, "outcome": "passed", "keywords": ["test_create_module", "TestModules", "integration", "test_modules.py", "integration/__init__.py", "tests"], "setup": {"duration": 0.14862579997861758, "outcome": "passed"}, "call": {"duration": 0.03172299999278039, "outcome": "passed"}, "teardown": {"duration": 0.001893300039228052, "outcome": "passed"}}, {"nodeid": "integration/test_modules.py::TestModules::test_get_modules_for_course", "lineno": 25, "outcome": "passed", "keywords": ["test_get_modules_for_course", "TestModules", "integration", "test_modules.py", "integration/__init__.py", "tests"], "setup": {"duration": 0.16099050000775605, "outcome": "passed"}, "call": {"duration": 0.11187309998786077, "outcome": "passed"}, "teardown": {"duration": 0.0021456999820657074, "outcome": "passed"}}, {"nodeid": "integration/test_modules.py::TestModules::test_update_module", "lineno": 42, "outcome": "passed", "keywords": ["test_update_module", "TestModules", "integration", "test_modules.py", "integration/__init__.py", "tests"], "setup": {"duration": 0.14706950000254437, "outcome": "passed"}, "call": {"duration": 0.09770040004514158, "outcome": "passed"}, "teardown": {"duration": 0.0021186000085435808, "outcome": "passed"}}, {"nodeid": "integration/test_modules.py::TestModules::test_delete_module", "lineno": 64, "outcome": "passed", "keywords": ["test_delete_module", "TestModules", "integration", "test_modules.py", "integration/__init__.py", "tests"], "setup": {"duration": 0.19269130000611767, "outcome": "passed"}, "call": {"duration": 0.05659019999438897, "outcome": "passed"}, "teardown": {"duration": 0.004329500021412969, "outcome": "passed"}}, {"nodeid": "integration/test_modules.py::TestModules::test_module_with_lessons", "lineno": 79, "outcome": "passed", "keywords": ["test_module_with_lessons", "TestModules", "integration", "test_modules.py", "integration/__init__.py", "tests"], "setup": {"duration": 0.1550213000155054, "outcome": "passed"}, "call": {"duration": 0.030496800027322024, "outcome": "passed"}, "teardown": {"duration": 0.0020957000087946653, "outcome": "passed"}}, {"nodeid": "integration/test_modules.py::TestModules::test_student_can_view_modules", "lineno": 100, "outcome": "passed", "keywords": ["test_student_can_view_modules", "TestModules", "integration", "test_modules.py", "integration/__init__.py", "tests"], "setup": {"duration": 0.26362939999671653, "outcome": "passed"}, "call": {"duration": 0.05528030003188178, "outcome": "passed"}, "teardown": {"duration": 0.0027224000077694654, "outcome": "passed"}}, {"nodeid": "integration/test_modules.py::TestModules::test_empty_modules_list", "lineno": 112, "outcome": "passed", "keywords": ["test_empty_modules_list", "TestModules", "integration", "test_modules.py", "integration/__init__.py", "tests"], "setup": {"duration": 0.15397939999820665, "outcome": "passed"}, "call": {"duration": 0.05106460000388324, "outcome": "passed"}, "teardown": {"duration": 0.0020041000097990036, "outcome": "passed"}}, {"nodeid": "integration/test_modules.py::TestModules::test_module_ordering", "lineno": 121, "outcome": "passed", "keywords": ["test_module_ordering", "TestModules", "integration", "test_modules.py", "integration/__init__.py", "tests"], "setup": {"duration": 0.17587650002678856, "outcome": "passed"}, "call": {"duration": 0.1585893000010401, "outcome": "passed"}, "teardown": {"duration": 0.0018018000409938395, "outcome": "passed"}}, {"nodeid": "integration/test_quiz_attempts.py::TestQuizAttempts::test_start_quiz_attempt", "lineno": 42, "outcome": "passed", "keywords": ["test_start_quiz_attempt", "TestQuizAttempts", "quiz", "integration", "test_quiz_attempts.py", "integration/__init__.py", "tests"], "setup": {"duration": 0.24809140001889318, "outcome": "passed"}, "call": {"duration": 0.1335990999941714, "outcome": "passed"}, "teardown": {"duration": 0.0034508000244386494, "outcome": "passed"}}, {"nodeid": "integration/test_quiz_attempts.py::TestQuizAttempts::test_get_in_progress_attempt", "lineno": 60, "outcome": "passed", "keywords": ["test_get_in_progress_attempt", "TestQuizAttempts", "quiz", "integration", "test_quiz_attempts.py", "integration/__init__.py", "tests"], "setup": {"duration": 0.3199278999818489, "outcome": "passed"}, "call": {"duration": 0.15272100002039224, "outcome": "passed"}, "teardown": {"duration": 0.004448899999260902, "outcome": "passed"}}, {"nodeid": "integration/test_quiz_attempts.py::TestQuizAttempts::test_update_attempt_answers", "lineno": 78, "outcome": "failed", "keywords": ["test_update_attempt_answers", "TestQuizAttempts", "quiz", "integration", "test_quiz_attempts.py", "integration/__init__.py", "tests"], "setup": {"duration": 0.25118829996790737, "outcome": "passed"}, "call": {"duration": 0.12861499999416992, "outcome": "failed", "crash": {"path": "D:\\WebDev\\kambaz-node-server-app\\tests\\integration\\test_quiz_attempts.py", "lineno": 91, "message": "KeyError: '_id'"}, "traceback": [{"path": "integration\\test_quiz_attempts.py", "lineno": 91, "message": "in test_update_attempt_answers"}], "longrepr": "integration\\test_quiz_attempts.py:91: in test_update_attempt_answers\n    {\"question\": quiz[\"questions\"][0][\"_id\"], \"answer\": 1},\nE   KeyError: '_id'"}, "teardown": {"duration": 0.0030764000257477164, "outcome": "passed"}}, {"nodeid": "integration/test_quiz_attempts.py::TestQuizAttempts::test_submit_quiz_attempt_multiple_choice", "lineno": 99, "outcome": "failed", "keywords": ["test_submit_quiz_attempt_multiple_choice", "TestQuizAttempts", "quiz", "integration", "test_quiz_attempts.py", "integration/__init__.py", "tests"], "setup": {"duration": 0.2330653999815695, "outcome": "passed"}, "call": {"duration": 0.12339490000158548, "outcome": "failed", "crash": {"path": "D:\\WebDev\\kambaz-node-server-app\\tests\\integration\\test_quiz_attempts.py", "lineno": 124, "message": "KeyError: '_id'"}, "traceback": [{"path": "integration\\test_quiz_attempts.py", "lineno": 124, "message": "in test_submit_quiz_attempt_multiple_choice"}], "longrepr": "integration\\test_quiz_attempts.py:124: in test_submit_quiz_attempt_multiple_choice\n    {\"question\": quiz[\"questions\"][0][\"_id\"], \"answer\": 1}\nE   KeyError: '_id'"}, "teardown": {"duration": 0.004035999998450279, "outcome": "passed"}}, {"nodeid": "integration/test_quiz_attempts.py::TestQuizAttempts::test_submit_quiz_attempt_true_false", "lineno": 133, "outcome": "failed", "keywords": ["test_submit_quiz_attempt_true_false", "TestQuizAttempts", "quiz", "integration", "test_quiz_attempts.py", "integration/__init__.py", "tests"], "setup": {"duration": 0.26502050005365163, "outcome": "passed"}, "call": {"duration": 0.13268680003238842, "outcome": "failed", "crash": {"path": "D:\\WebDev\\kambaz-node-server-app\\tests\\integration\\test_quiz_attempts.py", "lineno": 156, "message": "KeyError: '_id'"}, "traceback": [{"path": "integration\\test_quiz_attempts.py", "lineno": 156, "message": "in test_submit_quiz_attempt_true_false"}], "longrepr": "integration\\test_quiz_attempts.py:156: in test_submit_quiz_attempt_true_false\n    {\"question\": quiz[\"questions\"][0][\"_id\"], \"answer\": True}\nE   KeyError: '_id'"}, "teardown": {"duration": 0.0037258000229485333, "outcome": "passed"}}, {"nodeid": "integration/test_quiz_attempts.py::TestQuizAttempts::test_submit_quiz_attempt_fill_blank", "lineno": 164, "outcome": "failed", "keywords": ["test_submit_quiz_attempt_fill_blank", "TestQuizAttempts", "quiz", "integration", "test_quiz_attempts.py", "integration/__init__.py", "tests"], "setup": {"duration": 0.27420869999332353, "outcome": "passed"}, "call": {"duration": 0.1342906000209041, "outcome": "failed", "crash": {"path": "D:\\WebDev\\kambaz-node-server-app\\tests\\integration\\test_quiz_attempts.py", "lineno": 192, "message": "KeyError: '_id'"}, "traceback": [{"path": "integration\\test_quiz_attempts.py", "lineno": 192, "message": "in test_submit_quiz_attempt_fill_blank"}], "longrepr": "integration\\test_quiz_attempts.py:192: in test_submit_quiz_attempt_fill_blank\n    {\"question\": quiz[\"questions\"][0][\"_id\"], \"answer\": [\"paris\"]}\nE   KeyError: '_id'"}, "teardown": {"duration": 0.003852900001220405, "outcome": "passed"}}, {"nodeid": "integration/test_quiz_attempts.py::TestQuizAttempts::test_submit_quiz_with_incorrect_answers", "lineno": 200, "outcome": "failed", "keywords": ["test_submit_quiz_with_incorrect_answers", "TestQuizAttempts", "quiz", "integration", "test_quiz_attempts.py", "integration/__init__.py", "tests"], "setup": {"duration": 0.28962449997197837, "outcome": "passed"}, "call": {"duration": 0.12946359999477863, "outcome": "failed", "crash": {"path": "D:\\WebDev\\kambaz-node-server-app\\tests\\integration\\test_quiz_attempts.py", "lineno": 224, "message": "KeyError: '_id'"}, "traceback": [{"path": "integration\\test_quiz_attempts.py", "lineno": 224, "message": "in test_submit_quiz_with_incorrect_answers"}], "longrepr": "integration\\test_quiz_attempts.py:224: in test_submit_quiz_with_incorrect_answers\n    {\"question\": quiz[\"questions\"][0][\"_id\"], \"answer\": 0}  # Wrong answer\nE   KeyError: '_id'"}, "teardown": {"duration": 0.004572400008328259, "outcome": "passed"}}, {"nodeid": "integration/test_quiz_attempts.py::TestQuizAttempts::test_get_all_attempts_for_quiz", "lineno": 232, "outcome": "failed", "keywords": ["test_get_all_attempts_for_quiz", "TestQuizAttempts", "quiz", "integration", "test_quiz_attempts.py", "integration/__init__.py", "tests"], "setup": {"duration": 0.25000010000076145, "outcome": "passed"}, "call": {"duration": 0.1288497000350617, "outcome": "failed", "crash": {"path": "D:\\WebDev\\kambaz-node-server-app\\tests\\integration\\test_quiz_attempts.py", "lineno": 245, "message": "KeyError: '_id'"}, "traceback": [{"path": "integration\\test_quiz_attempts.py", "lineno": 245, "message": "in test_get_all_attempts_for_quiz"}], "longrepr": "integration\\test_quiz_attempts.py:245: in test_get_all_attempts_for_quiz\n    {\"question\": quiz[\"questions\"][0][\"_id\"], \"answer\": 1}\nE   KeyError: '_id'"}, "teardown": {"duration": 0.00559750001411885, "outcome": "passed"}}, {"nodeid": "integration/test_quiz_attempts.py::TestQuizAttempts::test_get_attempt_count", "lineno": 256, "outcome": "failed", "keywords": ["test_get_attempt_count", "TestQuizAttempts", "quiz", "integration", "test_quiz_attempts.py", "integration/__init__.py", "tests"], "setup": {"duration": 0.26742879999801517, "outcome": "passed"}, "call": {"duration": 0.13088940002489835, "outcome": "failed", "crash": {"path": "D:\\WebDev\\kambaz-node-server-app\\tests\\integration\\test_quiz_attempts.py", "lineno": 268, "message": "KeyError: '_id'"}, "traceback": [{"path": "integration\\test_quiz_attempts.py", "lineno": 268, "message": "in test_get_attempt_count"}], "longrepr": "integration\\test_quiz_attempts.py:268: in test_get_attempt_count\n    answers = [{\"question\": quiz[\"questions\"][0][\"_id\"], \"answer\": 1}]\nE   KeyError: '_id'"}, "teardown": {"duration": 0.004381999955512583, "outcome": "passed"}}, {"nodeid": "integration/test_quiz_attempts.py::TestQuizAttempts::test_get_latest_attempt", "lineno": 277, "outcome": "failed", "keywords": ["test_get_latest_attempt", "TestQuizAttempts", "quiz", "integration", "test_quiz_attempts.py", "integration/__init__.py", "tests"], "setup": {"duration": 0.27356140001211315, "outcome": "passed"}, "call": {"duration": 0.1234169999952428, "outcome": "failed", "crash": {"path": "D:\\WebDev\\kambaz-node-server-app\\tests\\integration\\test_quiz_attempts.py", "lineno": 289, "message": "KeyError: '_id'"}, "traceback": [{"path": "integration\\test_quiz_attempts.py", "lineno": 289, "message": "in test_get_latest_attempt"}], "longrepr": "integration\\test_quiz_attempts.py:289: in test_get_latest_attempt\n    answers = [{\"question\": quiz[\"questions\"][0][\"_id\"], \"answer\": 1}]\nE   KeyError: '_id'"}, "teardown": {"duration": 0.005178700026590377, "outcome": "passed"}}, {"nodeid": "integration/test_quiz_attempts.py::TestQuizAttempts::test_get_specific_attempt", "lineno": 299, "outcome": "failed", "keywords": ["test_get_specific_attempt", "TestQuizAttempts", "quiz", "integration", "test_quiz_attempts.py", "integration/__init__.py", "tests"], "setup": {"duration": 0.24755820003338158, "outcome": "passed"}, "call": {"duration": 0.12400909996358678, "outcome": "failed", "crash": {"path": "D:\\WebDev\\kambaz-node-server-app\\tests\\integration\\test_quiz_attempts.py", "lineno": 311, "message": "KeyError: '_id'"}, "traceback": [{"path": "integration\\test_quiz_attempts.py", "lineno": 311, "message": "in test_get_specific_attempt"}], "longrepr": "integration\\test_quiz_attempts.py:311: in test_get_specific_attempt\n    answers = [{\"question\": quiz[\"questions\"][0][\"_id\"], \"answer\": 1}]\nE   KeyError: '_id'"}, "teardown": {"duration": 0.006339299958199263, "outcome": "passed"}}, {"nodeid": "integration/test_quiz_attempts.py::TestQuizAttempts::test_multiple_attempts_if_allowed", "lineno": 320, "outcome": "failed", "keywords": ["test_multiple_attempts_if_allowed", "TestQuizAttempts", "quiz", "integration", "test_quiz_attempts.py", "integration/__init__.py", "tests"], "setup": {"duration": 0.26410470000701025, "outcome": "passed"}, "call": {"duration": 0.11717429995769635, "outcome": "failed", "crash": {"path": "D:\\WebDev\\kambaz-node-server-app\\tests\\integration\\test_quiz_attempts.py", "lineno": 342, "message": "KeyError: '_id'"}, "traceback": [{"path": "integration\\test_quiz_attempts.py", "lineno": 342, "message": "in test_multiple_attempts_if_allowed"}], "longrepr": "integration\\test_quiz_attempts.py:342: in test_multiple_attempts_if_allowed\n    answers = [{\"question\": quiz[\"questions\"][0][\"_id\"], \"answer\": 0}]\nE   KeyError: '_id'"}, "teardown": {"duration": 0.0036088000051677227, "outcome": "passed"}}, {"nodeid": "integration/test_quiz_attempts.py::TestQuizAttempts::test_case_sensitive_fill_blank", "lineno": 353, "outcome": "failed", "keywords": ["test_case_sensitive_fill_blank", "TestQuizAttempts", "quiz", "integration", "test_quiz_attempts.py", "integration/__init__.py", "tests"], "setup": {"duration": 0.24170449998928234, "outcome": "passed"}, "call": {"duration": 0.11494280002079904, "outcome": "failed", "crash": {"path": "D:\\WebDev\\kambaz-node-server-app\\tests\\integration\\test_quiz_attempts.py", "lineno": 383, "message": "KeyError: '_id'"}, "traceback": [{"path": "integration\\test_quiz_attempts.py", "lineno": 383, "message": "in test_case_sensitive_fill_blank"}], "longrepr": "integration\\test_quiz_attempts.py:383: in test_case_sensitive_fill_blank\n    {\"question\": quiz[\"questions\"][0][\"_id\"], \"answer\": [\"python\"]}  # Wrong case\nE   KeyError: '_id'"}, "teardown": {"duration": 0.005297199997585267, "outcome": "passed"}}, {"nodeid": "integration/test_quizzes.py::TestQuizzes::test_create_quiz", "lineno": 14, "outcome": "passed", "keywords": ["test_create_quiz", "TestQuizzes", "quiz", "integration", "test_quizzes.py", "integration/__init__.py", "tests"], "setup": {"duration": 0.16506430000299588, "outcome": "passed"}, "call": {"duration": 0.032750100013799965, "outcome": "passed"}, "teardown": {"duration": 0.0020964000141248107, "outcome": "passed"}}, {"nodeid": "integration/test_quizzes.py::TestQuizzes::test_create_quiz_with_multiple_choice_questions", "lineno": 28, "outcome": "passed", "keywords": ["test_create_quiz_with_multiple_choice_questions", "TestQuizzes", "quiz", "integration", "test_quizzes.py", "integration/__init__.py", "tests"], "setup": {"duration": 0.16443809994962066, "outcome": "passed"}, "call": {"duration": 0.034329800051636994, "outcome": "passed"}, "teardown": {"duration": 0.002922499959822744, "outcome": "passed"}}, {"nodeid": "integration/test_quizzes.py::TestQuizzes::test_create_quiz_with_true_false_questions", "lineno": 57, "outcome": "passed", "keywords": ["test_create_quiz_with_true_false_questions", "TestQuizzes", "quiz", "integration", "test_quizzes.py", "integration/__init__.py", "tests"], "setup": {"duration": 0.17258110002148896, "outcome": "passed"}, "call": {"duration": 0.03229589998954907, "outcome": "passed"}, "teardown": {"duration": 0.0030169999809004366, "outcome": "passed"}}, {"nodeid": "integration/test_quizzes.py::TestQuizzes::test_create_quiz_with_fill_blank_questions", "lineno": 82, "outcome": "passed", "keywords": ["test_create_quiz_with_fill_blank_questions", "TestQuizzes", "quiz", "integration", "test_quizzes.py", "integration/__init__.py", "tests"], "setup": {"duration": 0.19732740003382787, "outcome": "passed"}, "call": {"duration": 0.03469140001107007, "outcome": "passed"}, "teardown": {"duration": 0.004339500039350241, "outcome": "passed"}}, {"nodeid": "integration/test_quizzes.py::TestQuizzes::test_create_quiz_with_mixed_questions", "lineno": 106, "outcome": "passed", "keywords": ["test_create_quiz_with_mixed_questions", "TestQuizzes", "quiz", "integration", "test_quizzes.py", "integration/__init__.py", "tests"], "setup": {"duration": 0.16346300003351644, "outcome": "passed"}, "call": {"duration": 0.03622339997673407, "outcome": "passed"}, "teardown": {"duration": 0.002546899951994419, "outcome": "passed"}}, {"nodeid": "integration/test_quizzes.py::TestQuizzes::test_get_quizzes_for_course", "lineno": 126, "outcome": "passed", "keywords": ["test_get_quizzes_for_course", "TestQuizzes", "quiz", "integration", "test_quizzes.py", "integration/__init__.py", "tests"], "setup": {"duration": 0.16147689998615533, "outcome": "passed"}, "call": {"duration": 0.13142260001040995, "outcome": "passed"}, "teardown": {"duration": 0.0038785000215284526, "outcome": "passed"}}, {"nodeid": "integration/test_quizzes.py::TestQuizzes::test_update_quiz", "lineno": 143, "outcome": "passed", "keywords": ["test_update_quiz", "TestQuizzes", "quiz", "integration", "test_quizzes.py", "integration/__init__.py", "tests"], "setup": {"duration": 0.16393360000802204, "outcome": "passed"}, "call": {"duration": 0.07973149995086715, "outcome": "passed"}, "teardown": {"duration": 0.0031787999905645847, "outcome": "passed"}}, {"nodeid": "integration/test_quizzes.py::TestQuizzes::test_delete_quiz", "lineno": 167, "outcome": "passed", "keywords": ["test_delete_quiz", "TestQuizzes", "quiz", "integration", "test_quizzes.py", "integration/__init__.py", "tests"], "setup": {"duration": 0.19847350002964959, "outcome": "passed"}, "call": {"duration": 0.08447369997156784, "outcome": "passed"}, "teardown": {"duration": 0.0033785999985411763, "outcome": "passed"}}, {"nodeid": "integration/test_quizzes.py::TestQuizzes::test_student_view_quiz_no_correct_answers", "lineno": 182, "outcome": "failed", "keywords": ["test_student_view_quiz_no_correct_answers", "TestQuizzes", "quiz", "integration", "test_quizzes.py", "integration/__init__.py", "tests"], "setup": {"duration": 0.26933789998292923, "outcome": "passed"}, "call": {"duration": 0.10696140001527965, "outcome": "failed", "crash": {"path": "D:\\WebDev\\kambaz-node-server-app\\tests\\integration\\test_quizzes.py", "lineno": 214, "message": "AssertionError: assert ('correctChoice' not in {'blanks': [], 'caseSensitive': False, 'choices': ['3', '4', '5', '6'], 'correctChoice': 1, ...} or 1 is None)\n +  where 1 = <built-in method get of dict object at 0x00000238BB0AAA80>('correctChoice')\n +    where <built-in method get of dict object at 0x00000238BB0AAA80> = {'blanks': [], 'caseSensitive': False, 'choices': ['3', '4', '5', '6'], 'correctChoice': 1, ...}.get"}, "traceback": [{"path": "integration\\test_quizzes.py", "lineno": 214, "message": "in test_student_view_quiz_no_correct_answers"}], "longrepr": "integration\\test_quizzes.py:214: in test_student_view_quiz_no_correct_answers\n    assert \"correctChoice\" not in question or question.get(\"correctChoice\") is None\nE   AssertionError: assert ('correctChoice' not in {'blanks': [], 'caseSensitive': False, 'choices': ['3', '4', '5', '6'], 'correctChoice': 1, ...} or 1 is None)\nE    +  where 1 = <built-in method get of dict object at 0x00000238BB0AAA80>('correctChoice')\nE    +    where <built-in method get of dict object at 0x00000238BB0AAA80> = {'blanks': [], 'caseSensitive': False, 'choices': ['3', '4', '5', '6'], 'correctChoice': 1, ...}.get"}, "teardown": {"duration": 0.0043542999774217606, "outcome": "passed"}}, {"nodeid": "integration/test_quizzes.py::TestQuizzes::test_faculty_view_quiz_with_correct_answers", "lineno": 215, "outcome": "passed", "keywords": ["test_faculty_view_quiz_with_correct_answers", "TestQuizzes", "quiz", "integration", "test_quizzes.py", "integration/__init__.py", "tests"], "setup": {"duration": 0.22384980000788346, "outcome": "passed"}, "call": {"duration": 0.070301300031133, "outcome": "passed"}, "teardown": {"duration": 0.004482899967115372, "outcome": "passed"}}, {"nodeid": "integration/test_quizzes.py::TestQuizzes::test_quiz_settings", "lineno": 245, "outcome": "passed", "keywords": ["test_quiz_settings", "TestQuizzes", "quiz", "integration", "test_quizzes.py", "integration/__init__.py", "tests"], "setup": {"duration": 0.17177620000438765, "outcome": "passed"}, "call": {"duration": 0.03319200000260025, "outcome": "passed"}, "teardown": {"duration": 0.0035079000517725945, "outcome": "passed"}}, {"nodeid": "integration/test_quizzes.py::TestQuizzes::test_debug_quiz_endpoint_faculty", "lineno": 274, "outcome": "passed", "keywords": ["test_debug_quiz_endpoint_faculty", "TestQuizzes", "quiz", "integration", "test_quizzes.py", "integration/__init__.py", "tests"], "setup": {"duration": 0.19706410000799224, "outcome": "passed"}, "call": {"duration": 0.07429810002213344, "outcome": "passed"}, "teardown": {"duration": 0.0021184999495744705, "outcome": "passed"}}, {"nodeid": "integration/test_quizzes.py::TestQuizzes::test_student_cannot_access_debug_endpoint", "lineno": 294, "outcome": "failed", "keywords": ["test_student_cannot_access_debug_endpoint", "TestQuizzes", "quiz", "integration", "test_quizzes.py", "integration/__init__.py", "tests"], "setup": {"duration": 0.22564800002146512, "outcome": "passed"}, "call": {"duration": 0.06921859999420121, "outcome": "failed", "crash": {"path": "D:\\WebDev\\kambaz-node-server-app\\tests\\integration\\test_quizzes.py", "lineno": 308, "message": "assert 200 in [401, 403, 500]\n +  where 200 = <Response [200]>.status_code"}, "traceback": [{"path": "integration\\test_quizzes.py", "lineno": 308, "message": "in test_student_cannot_access_debug_endpoint"}], "longrepr": "integration\\test_quizzes.py:308: in test_student_cannot_access_debug_endpoint\n    assert response.status_code in [401, 403, 500]\nE   assert 200 in [401, 403, 500]\nE    +  where 200 = <Response [200]>.status_code"}, "teardown": {"duration": 0.0030731000006198883, "outcome": "passed"}}, {"nodeid": "integration/test_users.py::TestUserManagement::test_create_user", "lineno": 13, "outcome": "passed", "keywords": ["test_create_user", "TestUserManagement", "integration", "test_users.py", "integration/__init__.py", "tests"], "setup": {"duration": 0.0862980000092648, "outcome": "passed"}, "call": {"duration": 0.028494799975305796, "outcome": "passed"}, "teardown": {"duration": 0.0021309000439941883, "outcome": "passed"}}, {"nodeid": "integration/test_users.py::TestUserManagement::test_get_all_users", "lineno": 25, "outcome": "passed", "keywords": ["test_get_all_users", "TestUserManagement", "integration", "test_users.py", "integration/__init__.py", "tests"], "setup": {"duration": 0.08394909999333322, "outcome": "passed"}, "call": {"duration": 0.18262560002040118, "outcome": "passed"}, "teardown": {"duration": 0.003942999988794327, "outcome": "passed"}}, {"nodeid": "integration/test_users.py::TestUserManagement::test_get_user_by_id", "lineno": 39, "outcome": "passed", "keywords": ["test_get_user_by_id", "TestUserManagement", "integration", "test_users.py", "integration/__init__.py", "tests"], "setup": {"duration": 0.09899190004216507, "outcome": "passed"}, "call": {"duration": 0.07437250000657514, "outcome": "passed"}, "teardown": {"duration": 0.0041411000420339406, "outcome": "passed"}}, {"nodeid": "integration/test_users.py::TestUserManagement::test_get_user_by_id_not_found", "lineno": 54, "outcome": "passed", "keywords": ["test_get_user_by_id_not_found", "TestUserManagement", "integration", "test_users.py", "integration/__init__.py", "tests"], "setup": {"duration": 0.09955909999553114, "outcome": "passed"}, "call": {"duration": 0.03455290000420064, "outcome": "passed"}, "teardown": {"duration": 0.002819199988152832, "outcome": "passed"}}, {"nodeid": "integration/test_users.py::TestUserManagement::test_update_user", "lineno": 60, "outcome": "failed", "keywords": ["test_update_user", "TestUserManagement", "integration", "test_users.py", "integration/__init__.py", "tests"], "setup": {"duration": 0.08345630002440885, "outcome": "passed"}, "call": {"duration": 0.06317819998366758, "outcome": "failed", "crash": {"path": "D:\\WebDev\\kambaz-node-server-app\\tests\\integration\\test_users.py", "lineno": 78, "message": "AssertionError: assert 'William' == 'UpdatedFirst'\n  - UpdatedFirst\n  + William"}, "traceback": [{"path": "integration\\test_users.py", "lineno": 78, "message": "in test_update_user"}], "longrepr": "integration\\test_users.py:78: in test_update_user\n    assert updated_user[\"firstName\"] == \"UpdatedFirst\"\nE   AssertionError: assert 'William' == 'UpdatedFirst'\nE     - UpdatedFirst\nE     + William"}, "teardown": {"duration": 0.0020275000133551657, "outcome": "passed"}}, {"nodeid": "integration/test_users.py::TestUserManagement::test_update_own_profile", "lineno": 81, "outcome": "failed", "keywords": ["test_update_own_profile", "TestUserManagement", "integration", "test_users.py", "integration/__init__.py", "tests"], "setup": {"duration": 0.1067623000126332, "outcome": "passed"}, "call": {"duration": 0.02696380001725629, "outcome": "failed", "crash": {"path": "D:\\WebDev\\kambaz-node-server-app\\tests\\integration\\test_users.py", "lineno": 97, "message": "AssertionError: assert 'James' == 'NewFirstName'\n  - NewFirstName\n  + James"}, "traceback": [{"path": "integration\\test_users.py", "lineno": 97, "message": "in test_update_own_profile"}], "longrepr": "integration\\test_users.py:97: in test_update_own_profile\n    assert updated_user[\"firstName\"] == \"NewFirstName\"\nE   AssertionError: assert 'James' == 'NewFirstName'\nE     - NewFirstName\nE     + James"}, "teardown": {"duration": 0.00240019999910146, "outcome": "passed"}}, {"nodeid": "integration/test_users.py::TestUserManagement::test_delete_user", "lineno": 99, "outcome": "passed", "keywords": ["test_delete_user", "TestUserManagement", "integration", "test_users.py", "integration/__init__.py", "tests"], "setup": {"duration": 0.0981109999702312, "outcome": "passed"}, "call": {"duration": 0.09944219997851178, "outcome": "passed"}, "teardown": {"duration": 0.0019133000168949366, "outcome": "passed"}}, {"nodeid": "integration/test_users.py::TestUserManagement::test_filter_users_by_role", "lineno": 115, "outcome": "passed", "keywords": ["test_filter_users_by_role", "TestUserManagement", "integration", "test_users.py", "integration/__init__.py", "tests"], "setup": {"duration": 0.12238900002557784, "outcome": "passed"}, "call": {"duration": 0.10052769997855648, "outcome": "passed"}, "teardown": {"duration": 0.004067300003953278, "outcome": "passed"}}, {"nodeid": "integration/test_users.py::TestUserManagement::test_filter_users_by_name", "lineno": 134, "outcome": "passed", "keywords": ["test_filter_users_by_name", "TestUserManagement", "integration", "test_users.py", "integration/__init__.py", "tests"], "setup": {"duration": 0.10504829999990761, "outcome": "passed"}, "call": {"duration": 0.06587589997798204, "outcome": "passed"}, "teardown": {"duration": 0.004393499984871596, "outcome": "passed"}}, {"nodeid": "integration/test_users.py::TestUserManagement::test_create_users_with_all_roles", "lineno": 154, "outcome": "passed", "keywords": ["test_create_users_with_all_roles", "TestUserManagement", "integration", "test_users.py", "integration/__init__.py", "tests"], "setup": {"duration": 0.09328669996466488, "outcome": "passed"}, "call": {"duration": 0.16738070000428706, "outcome": "passed"}, "teardown": {"duration": 0.0027688000118359923, "outcome": "passed"}}, {"nodeid": "integration/test_users.py::TestUserManagement::test_user_fields_validation", "lineno": 166, "outcome": "passed", "keywords": ["test_user_fields_validation", "TestUserManagement", "integration", "test_users.py", "integration/__init__.py", "tests"], "setup": {"duration": 0.0904117000172846, "outcome": "passed"}, "call": {"duration": 0.031000200018752366, "outcome": "passed"}, "teardown": {"duration": 0.004983099992386997, "outcome": "passed"}}, {"nodeid": "integration/test_users.py::TestUserManagement::test_unique_username_constraint", "lineno": 181, "outcome": "passed", "keywords": ["test_unique_username_constraint", "TestUserManagement", "integration", "test_users.py", "integration/__init__.py", "tests"], "setup": {"duration": 0.09533380001084879, "outcome": "passed"}, "call": {"duration": 0.07243170001311228, "outcome": "passed"}, "teardown": {"duration": 0.0026786999660544097, "outcome": "passed"}}, {"nodeid": "integration/test_users.py::TestUserManagement::test_get_users_pagination", "lineno": 193, "outcome": "passed", "keywords": ["test_get_users_pagination", "TestUserManagement", "integration", "test_users.py", "integration/__init__.py", "tests"], "setup": {"duration": 0.10006500000599772, "outcome": "passed"}, "call": {"duration": 0.06883960001869127, "outcome": "passed"}, "teardown": {"duration": 0.00881249998928979, "outcome": "passed", "stdout": "\n============================================================\nCleaning up test environment...\n============================================================\n\u2713 Test environment cleaned up\n============================================================\n\n"}}]}